C51 COMPILER V9.60.7.0   BLUETOOTH                                                         12/17/2024 19:28:10 PAGE 1   


C51 COMPILER V9.60.7.0, COMPILATION OF MODULE BLUETOOTH
OBJECT MODULE PLACED IN .\Objects\bluetooth.obj
COMPILER INVOKED BY: C:\Keil_v5\C51\BIN\C51.EXE bluetooth.c OPTIMIZE(8,SPEED) BROWSE DEBUG OBJECTEXTEND PRINT(.\Listings
                    -\bluetooth.lst) OBJECT(.\Objects\bluetooth.obj)

line level    source

   1          #include <REGX52.H>
   2          #include "car_go.h"
   3          #include "trace.h"
   4          
   5          unsigned char U_data;     //接受数据存放
   6          unsigned char flag = 0;         //切换循迹模式 0为关闭 1为开启
   7          
   8          void receive(unsigned char m)
   9          {
  10   1              switch(m)
  11   1          {
  12   2              
  13   2              case  '1':      //前进
  14   2                  car_go(40,45);
  15   2              break;
  16   2              
  17   2              case  'C':
  18   2                  car_turn_L(40,45);    // 左转
  19   2              break;
  20   2              
  21   2              case  'D':
  22   2                  car_turn_L(40,45);    // 右转
  23   2              break;
  24   2              
  25   2              case 'B':
  26   2                  car_back(40,45);   //  后退
  27   2              break;
  28   2              
  29   2              case 'S':      // 停止
  30   2                   car_stop();
  31   2              break;
  32   2                      case 'T':
  33   2                              flag = 1;               //循迹模式开启
  34   2                      break;
  35   2                      case 'F':               //循迹模式关闭
  36   2                              flag = 0;
  37   2                      break;
  38   2              
  39   2          }
  40   1      
  41   1      }
  42          
  43          void Timer1_Isr(void) interrupt 4
  44          {
  45   1      //      car_stop();
  46   1          RI = 0;                  //清除接受中断标志位
  47   1          U_data = SBUF;                    //接受数据
  48   1          receive(U_data);
  49   1      }
  50          
  51          void Timer1_Init(void)           //9600bps@11.0592MHz
  52          {
  53   1              PCON &= 0x7F;            //波特率不倍速
  54   1          SCON = 0x50;            //8位数据,可变波特率
C51 COMPILER V9.60.7.0   BLUETOOTH                                                         12/17/2024 19:28:10 PAGE 2   

  55   1      //      AUXR &= 0xBF;            //定时器时钟12T模式
  56   1      //      AUXR &= 0xFE;            //串口1选择定时器1为波特率发生器
  57   1          TMOD &= 0x0F;             //设置定时器模式
  58   1          TMOD |= 0x20;             //设置定时器模式
  59   1          TL1 = 0xFD;                //设置定时初始值
  60   1          TH1 = 0xFD;                //设置定时重载值
  61   1          ET1 = 0;                     //禁止定时器中断
  62   1          TR1 = 1;                  //定时器1开始计时
  63   1          EA  = 1;
  64   1          ES  = 1;
  65   1      
  66   1      }


MODULE INFORMATION:   STATIC OVERLAYABLE
   CODE SIZE        =    163    ----
   CONSTANT SIZE    =   ----    ----
   XDATA SIZE       =   ----    ----
   PDATA SIZE       =   ----    ----
   DATA SIZE        =      2    ----
   IDATA SIZE       =   ----    ----
   BIT SIZE         =   ----    ----
END OF MODULE INFORMATION.


C51 COMPILATION COMPLETE.  0 WARNING(S),  0 ERROR(S)
