C51 COMPILER V9.60.7.0   CAR_GO                                                            12/11/2024 17:44:31 PAGE 1   


C51 COMPILER V9.60.7.0, COMPILATION OF MODULE CAR_GO
OBJECT MODULE PLACED IN .\Objects\car_go.obj
COMPILER INVOKED BY: C:\Keil_v5\C51\BIN\C51.EXE car_go.c OPTIMIZE(8,SPEED) BROWSE DEBUG OBJECTEXTEND PRINT(.\Listings\ca
                    -r_go.lst) OBJECT(.\Objects\car_go.obj)

line level    source

   1          #include <REGX52.H>
   2          #include "pwm.h"
   3          #include "motor.h"
   4          
   5          //定义小车的各种行驶状态
   6          
   7          void car_go(int LS,int RS)       //小车向前，左轮速度，右轮速度
   8          {
   9   1              Lspeed = LS;
  10   1              Rspeed = RS;
  11   1              L_motor_go ();
  12   1              R_motor_go ();
  13   1      }
  14          
  15          void car_back(int LS,int RS)       //小车向后，左轮速度，右轮速度
  16          {
  17   1              Lspeed = LS;
  18   1              Rspeed = RS;
  19   1              L_motor_back ();
  20   1              R_motor_back ();
  21   1      }
  22          
  23          
  24          void car_stop()             //小车停止
  25          {
  26   1          L_motor_stop();
  27   1          R_motor_stop();
  28   1      }


MODULE INFORMATION:   STATIC OVERLAYABLE
   CODE SIZE        =     26    ----
   CONSTANT SIZE    =   ----    ----
   XDATA SIZE       =   ----    ----
   PDATA SIZE       =   ----    ----
   DATA SIZE        =   ----    ----
   IDATA SIZE       =   ----    ----
   BIT SIZE         =   ----    ----
END OF MODULE INFORMATION.


C51 COMPILATION COMPLETE.  0 WARNING(S),  0 ERROR(S)
