C51 COMPILER V9.60.7.0   MAIN                                                              12/19/2024 20:59:35 PAGE 1   


C51 COMPILER V9.60.7.0, COMPILATION OF MODULE MAIN
OBJECT MODULE PLACED IN .\Objects\main.obj
COMPILER INVOKED BY: C:\Keil_v5\C51\BIN\C51.EXE main.c OPTIMIZE(8,SPEED) BROWSE DEBUG OBJECTEXTEND PRINT(.\Listings\main
                    -.lst) OBJECT(.\Objects\main.obj)

line level    source

   1          #include <REGX52.H>
   2          #include "pwm.h"
   3          #include "car_go.h"
   4          #include "Delay_ms.h"
   5          #include "trace.h"
   6          #include "bluetooth.h"
   7          
   8          void main()
   9          {
  10   1              Timer0_Init();          //初始化时钟0，控制pwm调速
  11   1              Timer1_Init();          //初始化时钟1，控制蓝牙接收
  12   1              while(1)
  13   1              {       
  14   2                      
  15   2      //              control();
  16   2                      
  17   2      //              car_go(40,45);
  18   2                      
  19   2                      if(flag == 1)
  20   2                      {
  21   3                              traceline();
  22   3                      }
  23   2                      
  24   2              }       
  25   1      }


MODULE INFORMATION:   STATIC OVERLAYABLE
   CODE SIZE        =     16    ----
   CONSTANT SIZE    =   ----    ----
   XDATA SIZE       =   ----    ----
   PDATA SIZE       =   ----    ----
   DATA SIZE        =   ----    ----
   IDATA SIZE       =   ----    ----
   BIT SIZE         =   ----    ----
END OF MODULE INFORMATION.


C51 COMPILATION COMPLETE.  0 WARNING(S),  0 ERROR(S)
