C51 COMPILER V9.60.7.0   MOTOR                                                             12/11/2024 17:44:31 PAGE 1   


C51 COMPILER V9.60.7.0, COMPILATION OF MODULE MOTOR
OBJECT MODULE PLACED IN .\Objects\motor.obj
COMPILER INVOKED BY: C:\Keil_v5\C51\BIN\C51.EXE motor.c OPTIMIZE(8,SPEED) BROWSE DEBUG OBJECTEXTEND PRINT(.\Listings\mot
                    -or.lst) OBJECT(.\Objects\motor.obj)

line level    source

   1          #include <REGX52.H>
   2          
   3          //定义每个轮子的状态
   4          
   5          //定义轮子
   6          sbit INA1 = P1^1;       //左
   7          sbit INA2 = P1^2;
   8          sbit INB1 = P1^3;       //右
   9          sbit INB2 = P1^4;
  10          
  11          //控制轮子状态
  12          void L_motor_go ()       //左电机正转
  13          {INA1 =0 ;INB2 =1 ;}
  14          void L_motor_back ()     //左电机反转
  15          {INA1 =1 ;INB2 =0 ;}
  16          void L_motor_stop ()     //左电机停止
  17          {INA1 = 0;INB2 = 0;}
  18          
  19          
  20          
  21          void R_motor_go ()       //右电机正转
  22          {INB1 =1 ;INB2 =0 ;}
  23          void R_motor_back ()     //右电机反转
  24          {INB1 =0 ;INB2 =1 ;}
  25          void R_motor_stop ()     //右电机停止
  26          {INB1 = 0;INB2 = 0;}


MODULE INFORMATION:   STATIC OVERLAYABLE
   CODE SIZE        =     30    ----
   CONSTANT SIZE    =   ----    ----
   XDATA SIZE       =   ----    ----
   PDATA SIZE       =   ----    ----
   DATA SIZE        =   ----    ----
   IDATA SIZE       =   ----    ----
   BIT SIZE         =   ----    ----
END OF MODULE INFORMATION.


C51 COMPILATION COMPLETE.  0 WARNING(S),  0 ERROR(S)
