C51 COMPILER V9.60.7.0   PWM                                                               12/11/2024 17:44:31 PAGE 1   


C51 COMPILER V9.60.7.0, COMPILATION OF MODULE PWM
OBJECT MODULE PLACED IN .\Objects\pwm.obj
COMPILER INVOKED BY: C:\Keil_v5\C51\BIN\C51.EXE pwm.c OPTIMIZE(8,SPEED) BROWSE DEBUG OBJECTEXTEND PRINT(.\Listings\pwm.l
                    -st) OBJECT(.\Objects\pwm.obj)

line level    source

   1          #include <REGX52.H>
   2          
   3          //定时器和中断控制使能，实现pwm调速
   4          
   5          unsigned char l,r,Lspeed,Rspeed;        //定义周期计数和小车速度
   6          
   7          sbit ENA = P1^0;       //左轮使能
   8          sbit ENB = P1^5;       //右轮使能
   9          
  10          void Timer0_Init()              //100微秒@11.0592MHz
  11          {
  12   1              TMOD &= 0xF0;                   //设置定时器模式
  13   1              TMOD |= 0x01;                   //设置定时器模式
  14   1              TL0 = 0xA4;                             //设置定时初始值
  15   1              TH0 = 0xFF;                             //设置定时初始值
  16   1              TF0 = 0;                                //清除TF0标志
  17   1              TR0 = 1;                                //定时器0开始计时
  18   1              ET0 = 1;                                //使能定时器0中断
  19   1              EA = 1;                                 //定时器总开关
  20   1              PT0 = 0;                                //定时器0中断优先级
  21   1      }
  22          
  23          void Timer0_Isr() interrupt 1   //中断函数
  24          {
  25   1              TL0 = 0xA4;                             //设置定时初始值
  26   1              TH0 = 0xFF;                             //设置定时初始值
  27   1          
  28   1              l++;
  29   1              r++;
  30   1              
  31   1              if(l <= Lspeed) //控制左轮使能开关
  32   1              {
  33   2                      ENA = 1;
  34   2              }else
  35   1              {
  36   2                      ENA = 0;
  37   2              }
  38   1              if(r <= Rspeed) //控制右轮使能开关
  39   1              {
  40   2                      ENB = 1;
  41   2              }else
  42   1              {
  43   2                      ENB = 0;
  44   2              }
  45   1              
  46   1              if(l >=100)       //一个l周期
  47   1              {
  48   2                      l = 0;          
  49   2              }
  50   1              if(r >=100)       //一个r周期
  51   1              {
  52   2                      r = 0;          
  53   2              }
  54   1      
C51 COMPILER V9.60.7.0   PWM                                                               12/11/2024 17:44:31 PAGE 2   

  55   1      }
  56          


MODULE INFORMATION:   STATIC OVERLAYABLE
   CODE SIZE        =     88    ----
   CONSTANT SIZE    =   ----    ----
   XDATA SIZE       =   ----    ----
   PDATA SIZE       =   ----    ----
   DATA SIZE        =      4    ----
   IDATA SIZE       =   ----    ----
   BIT SIZE         =   ----    ----
END OF MODULE INFORMATION.


C51 COMPILATION COMPLETE.  0 WARNING(S),  0 ERROR(S)
