C51 COMPILER V9.60.7.0   ULTRASOUND                                                        12/19/2024 15:40:03 PAGE 1   


C51 COMPILER V9.60.7.0, COMPILATION OF MODULE ULTRASOUND
OBJECT MODULE PLACED IN .\Objects\ultrasound.obj
COMPILER INVOKED BY: C:\Keil_v5\C51\BIN\C51.EXE ultrasound.c OPTIMIZE(8,SPEED) BROWSE DEBUG OBJECTEXTEND PRINT(.\Listing
                    -s\ultrasound.lst) OBJECT(.\Objects\ultrasound.obj)

line level    source

   1          #include <REGX52.H>
   2          #include "intrins.h"
   3          #include "car_go.h"
   4          #include "Delay_ms.h"
   5          #include "Delay_us.h"
   6          
   7          sbit Trig = P2^0;  //超声波测距发射端位点
   8          sbit Echo = P2^1;  //超声波测距接收端位点
   9          
  10          unsigned int sum;        // 
  11          unsigned int mindistance = 20; 
  12          
  13          void ultrasound ()  //超声波测距程序
  14          {
  15   1              
  16   1      //  T2MOD = 0;                  //初始化模式寄存器      
  17   1      //  T2CON = 0;      //初始化控制寄存器 
  18   1      //  TL2 = 0;                    //设置定时初始值
  19   1      //  TH2 = 0;                            //设置定时初始值
  20   1      //  RCAP2L = 0;                 //设置定时重载值
  21   1      //  RCAP2H = 0;     //设置定时重载值
  22   1      
  23   1                      TMOD = 0x11;   //设置定时器模式
  24   1                TL1 = 0;                      //设置定时初始值
  25   1                      TH1 = 0;                                //设置定时初始值
  26   1              
  27   1                Trig = 1;      //发射一段脉冲 至少20us
  28   1                      Delay_us(1);     //延时20us
  29   1                      Trig = 0;       //关闭脉冲
  30   1              
  31   1                      while(!Echo);   //等待超声波模块返回脉冲
  32   1                      TR1 = 1;                                //打开定时器
  33   1                      while(Echo);            //等待超声波模块返回脉冲结束
  34   1                      TR1 = 0;                                //停止定时器 计时结束
  35   1              
  36   1                      sum = ((TH1*256+TL1)*0.034)/2+1;  //计算距离
  37   1              
  38   1                if(mindistance > sum)
  39   1                      {
  40   2                              car_stop ();
  41   2                              Delay_ms(1000);
  42   2                      }
  43   1      }


MODULE INFORMATION:   STATIC OVERLAYABLE
   CODE SIZE        =    105    ----
   CONSTANT SIZE    =   ----    ----
   XDATA SIZE       =   ----    ----
   PDATA SIZE       =   ----    ----
   DATA SIZE        =      4    ----
   IDATA SIZE       =   ----    ----
   BIT SIZE         =   ----    ----
END OF MODULE INFORMATION.

C51 COMPILER V9.60.7.0   ULTRASOUND                                                        12/19/2024 15:40:03 PAGE 2   


C51 COMPILATION COMPLETE.  0 WARNING(S),  0 ERROR(S)
